<?xml version="1.0" encoding="utf-8"?>
<TestRun id="8fefb853-dd3a-4d25-9503-f81d0e6e02e4" name="@MacBook-Pro-14 2024-07-21 19:24:45" xmlns="http://microsoft.com/schemas/VisualStudio/TeamTest/2010">
  <Times creation="2024-07-21T19:24:45.3272010+10:00" queuing="2024-07-21T19:24:45.3272010+10:00" start="2024-07-21T19:24:44.5994430+10:00" finish="2024-07-21T19:24:45.3302410+10:00" />
  <TestSettings name="default" id="c366968d-9f82-4d68-9919-5e5f6930a14d">
    <Deployment runDeploymentRoot="_MacBook-Pro-14_2024-07-21_19_24_45" />
  </TestSettings>
  <Results>
    <UnitTestResult executionId="c8f8a48d-a503-4662-9b2f-716ec8865dc3" testId="241fb4a5-0a66-85c7-1348-e0b7e0508870" testName="RunsAsExpected" computerName="MacBook-Pro-14" duration="00:00:00.0648510" startTime="2024-07-21T19:24:45.0535300+10:00" endTime="2024-07-21T19:24:45.1183430+10:00" testType="13cdc9d9-ddb5-4fa4-a97d-d965ccfc6d4b" outcome="Passed" testListId="8c84fa94-04c1-424b-9868-57a2d4851a1d" relativeResultsDirectory="c8f8a48d-a503-4662-9b2f-716ec8865dc3">
      <Output>
        <StdOut>parent 64965: Sending command to child process with pid 64966 True
parent 64965: Received response: 4</StdOut>
      </Output>
    </UnitTestResult>
    <UnitTestResult executionId="c72e69f6-176b-444a-bc26-793d473f7398" testId="00a39e28-c39b-8e83-8a5c-32f48fdb7f4f" testName="RunsAsExpected3" computerName="MacBook-Pro-14" duration="00:00:00.1356660" startTime="2024-07-21T19:24:45.1206600+10:00" endTime="2024-07-21T19:24:45.2563260+10:00" testType="13cdc9d9-ddb5-4fa4-a97d-d965ccfc6d4b" outcome="Passed" testListId="8c84fa94-04c1-424b-9868-57a2d4851a1d" relativeResultsDirectory="c72e69f6-176b-444a-bc26-793d473f7398">
      <Output>
        <StdOut>parent 64965: Disconnecting from child process with pid 64966
parent 64965: Waiting for child process to exit...
parent 64965: Launched child process with pid 64967
child  64967: Child process starting up...
child  64967: Waiting for parent process to connect...
parent 64965: Connected to child process with pid 64967
parent 64965: Sending command to child process with pid 64967 True
child  64967: Received command a =&gt; a.DoSomething(2, null)
child  64967: got 2 and 
parent 64965: Received response: 2</StdOut>
      </Output>
    </UnitTestResult>
    <UnitTestResult executionId="f4dbaaac-4371-475d-b909-ac614e02af0d" testId="ba753f4c-351c-e8bc-f9f1-40b543bd35a6" testName="RunsAsExpected2" computerName="MacBook-Pro-14" duration="00:00:00.0013420" startTime="2024-07-21T19:24:45.1193060+10:00" endTime="2024-07-21T19:24:45.1206470+10:00" testType="13cdc9d9-ddb5-4fa4-a97d-d965ccfc6d4b" outcome="Passed" testListId="8c84fa94-04c1-424b-9868-57a2d4851a1d" relativeResultsDirectory="f4dbaaac-4371-475d-b909-ac614e02af0d">
      <Output>
        <StdOut>parent 64965: Sending command to child process with pid 64966 True
parent 64965: Received response: 14</StdOut>
      </Output>
    </UnitTestResult>
  </Results>
  <TestDefinitions>
    <UnitTest name="RunsAsExpected3" storage="/users/jcrowley/development/interprocess_comms_cs/interprocesscomms.tests/bin/debug/net8.0/interprocesscomms.tests.dll" id="00a39e28-c39b-8e83-8a5c-32f48fdb7f4f">
      <Execution id="c72e69f6-176b-444a-bc26-793d473f7398" />
      <TestMethod codeBase="/Users/jcrowley/Development/interprocess_comms_cs/InterprocessComms.Tests/bin/Debug/net8.0/InterprocessComms.Tests.dll" adapterTypeName="executor://nunit3testexecutor/" className="InterprocessComms.Tests.ChildProcessDelegatorTests" name="RunsAsExpected3" />
    </UnitTest>
    <UnitTest name="RunsAsExpected" storage="/users/jcrowley/development/interprocess_comms_cs/interprocesscomms.tests/bin/debug/net8.0/interprocesscomms.tests.dll" id="241fb4a5-0a66-85c7-1348-e0b7e0508870">
      <Execution id="c8f8a48d-a503-4662-9b2f-716ec8865dc3" />
      <TestMethod codeBase="/Users/jcrowley/Development/interprocess_comms_cs/InterprocessComms.Tests/bin/Debug/net8.0/InterprocessComms.Tests.dll" adapterTypeName="executor://nunit3testexecutor/" className="InterprocessComms.Tests.ChildProcessDelegatorTests" name="RunsAsExpected" />
    </UnitTest>
    <UnitTest name="RunsAsExpected2" storage="/users/jcrowley/development/interprocess_comms_cs/interprocesscomms.tests/bin/debug/net8.0/interprocesscomms.tests.dll" id="ba753f4c-351c-e8bc-f9f1-40b543bd35a6">
      <Execution id="f4dbaaac-4371-475d-b909-ac614e02af0d" />
      <TestMethod codeBase="/Users/jcrowley/Development/interprocess_comms_cs/InterprocessComms.Tests/bin/Debug/net8.0/InterprocessComms.Tests.dll" adapterTypeName="executor://nunit3testexecutor/" className="InterprocessComms.Tests.ChildProcessDelegatorTests" name="RunsAsExpected2" />
    </UnitTest>
  </TestDefinitions>
  <TestEntries>
    <TestEntry testId="241fb4a5-0a66-85c7-1348-e0b7e0508870" executionId="c8f8a48d-a503-4662-9b2f-716ec8865dc3" testListId="8c84fa94-04c1-424b-9868-57a2d4851a1d" />
    <TestEntry testId="00a39e28-c39b-8e83-8a5c-32f48fdb7f4f" executionId="c72e69f6-176b-444a-bc26-793d473f7398" testListId="8c84fa94-04c1-424b-9868-57a2d4851a1d" />
    <TestEntry testId="ba753f4c-351c-e8bc-f9f1-40b543bd35a6" executionId="f4dbaaac-4371-475d-b909-ac614e02af0d" testListId="8c84fa94-04c1-424b-9868-57a2d4851a1d" />
  </TestEntries>
  <TestLists>
    <TestList name="Results Not in a List" id="8c84fa94-04c1-424b-9868-57a2d4851a1d" />
    <TestList name="All Loaded Results" id="19431567-8539-422a-85d7-44ee4e166bda" />
  </TestLists>
  <ResultSummary outcome="Completed">
    <Counters total="3" executed="3" passed="3" failed="0" error="0" timeout="0" aborted="0" inconclusive="0" passedButRunAborted="0" notRunnable="0" notExecuted="0" disconnected="0" warning="0" completed="0" inProgress="0" pending="0" />
    <Output>
      <StdOut>NUnit Adapter 4.2.0.0: Test execution started
Running all tests in /Users/jcrowley/Development/interprocess_comms_cs/InterprocessComms.Tests/bin/Debug/net8.0/InterprocessComms.Tests.dll
   NUnit3TestExecutor discovered 3 of 3 NUnit test cases using Current Discovery mode, Non-Explicit run
NUnit Adapter 4.2.0.0: Test execution complete
</StdOut>
    </Output>
    <RunInfos>
      <RunInfo computerName="MacBook-Pro-14" outcome="Warning" timestamp="2024-07-21T19:24:45.1558770+10:00">
        <Text>parent 64965: Sending command to child process with pid 64966 True
parent 64965: Received response: 4
</Text>
      </RunInfo>
      <RunInfo computerName="MacBook-Pro-14" outcome="Warning" timestamp="2024-07-21T19:24:45.1575320+10:00">
        <Text>parent 64965: Sending command to child process with pid 64966 True
parent 64965: Received response: 14
</Text>
      </RunInfo>
      <RunInfo computerName="MacBook-Pro-14" outcome="Warning" timestamp="2024-07-21T19:24:45.2569470+10:00">
        <Text>parent 64965: Disconnecting from child process with pid 64966
parent 64965: Waiting for child process to exit...
parent 64965: Launched child process with pid 64967
child  64967: Child process starting up...
child  64967: Waiting for parent process to connect...
parent 64965: Connected to child process with pid 64967
parent 64965: Sending command to child process with pid 64967 True
child  64967: Received command a =&gt; a.DoSomething(2, null)
child  64967: got 2 and 
parent 64965: Received response: 2
</Text>
      </RunInfo>
    </RunInfos>
  </ResultSummary>
</TestRun>